<?xml version="1.0" encoding="UTF-8"?>
<!-- Generated by org.testng.reporters.JUnitReportReporter -->
<testsuite hostname="s403o" failures="0" tests="1" name="anonfile_reg.registration_Test" time="1.975" errors="0" timestamp="2023-03-09T10:04:12 EET" skipped="0">
  <testcase classname="anonfile_reg.registration_Test" name="registration_Test_Cases" time="1.975"/>
  <system-out/>
</testsuite> <!-- anonfile_reg.registration_Test -->
